1668900089533	geckodriver	INFO	Listening on 127.0.0.1:12760
1668900092769	mozrunner::runner	INFO	Running command: "C:\\Program Files\\Mozilla Firefox\\firefox.exe" "--marionette" "--headless" "--no-sandbox" "--window-size=1420,1080" "--disable-gpu" "--remote-debugging-port" "12761" "--remote-allow-hosts" "localhost" "-no-remote" "-profile" "C:\\Users\\PC\\AppData\\Local\\Temp\\rust_mozprofile5jM23j"
*** You are running in headless mode.
1668900164292	geckodriver	INFO	Listening on 127.0.0.1:12842
1668900167356	mozrunner::runner	INFO	Running command: "C:\\Program Files\\Mozilla Firefox\\firefox.exe" "--marionette" "--headless" "--no-sandbox" "--window-size=1420,1080" "--disable-gpu" "--remote-debugging-port" "12843" "--remote-allow-hosts" "localhost" "-no-remote" "-profile" "C:\\Users\\PC\\AppData\\Local\\Temp\\rust_mozprofileBqDzgn"
*** You are running in headless mode.
1668900167892	Marionette	INFO	Marionette enabled
WebDriver BiDi listening on ws://localhost:12843
[GFX1-]: RenderCompositorSWGL failed mapping default framebuffer, no dt
console.warn: SearchSettings: "get: No settings file exists, new profile?" (new NotFoundError("Could not open the file at C:\\Users\\PC\\AppData\\Local\\Temp\\rust_mozprofileBqDzgn\\search.json.mozlz4", (void 0)))
1668900169544	Marionette	INFO	Listening on port 12864
Read port: 12864
DevTools listening on ws://localhost:12843/devtools/browser/ebf3b52d-73b8-4849-b4fb-df82eb2e1bce
1668900169611	RemoteAgent	WARN	TLS certificate errors will be ignored for this session
console.error: services.settings: 
  main/addons-manager-settings Signature failed  InvalidSignatureError: Invalid content signature (main/addons-manager-settings)
console.error: services.settings: 
  main/addons-manager-settings local data was corrupted
console.warn: services.settings: main/addons-manager-settings Signature verified failed. Retry from scratch
console.error: services.settings: 
  main/addons-manager-settings Signature failed again InvalidSignatureError: Invalid content signature (main/addons-manager-settings)
console.error: services.settings: 
  Message: InvalidSignatureError: Invalid content signature (main/addons-manager-settings)
  Stack:
    InvalidSignatureError@resource://services-settings/RemoteSettingsClient.jsm:135:5
_validateCollectionSignature@resource://services-settings/RemoteSettingsClient.jsm:899:13

console.error: services.settings: 
  main/doh-config Signature failed  InvalidSignatureError: Invalid content signature (main/doh-config)
console.error: services.settings: 
  main/doh-config local data was corrupted
console.warconsole.error: services.settings: 
  main/addons-manager-settings Signature failed  InvalidSignatureError: Invalid content signature (main/addons-manager-settings)
console.error: services.settings: 
  main/addons-manager-settings local data was corrupted
console.warn: services.settings: main/addons-manager-settings Signature verified failed. Retry from scratch
console.error: services.settings: 
  main/addons-manager-settings Signature failed again InvalidSignatureError: Invalid content signature (main/addons-manager-settings)
console.error: services.settings: 
  Message: InvalidSignatureError: Invalid content signature (main/addons-manager-settings)
  Stack:
    InvalidSignatureError@resource://services-settings/RemoteSettingsClient.jsm:135:5
_validateCollectionSignature@resource://services-settings/RemoteSettingsClient.jsm:899:13

console.error: services.settings: 
  main/doh-config Signature failed  InvalidSignatureError: Invalid content signature (main/doh-config)
console.error: services.settings: 
  main/doh-config local data was corrupted
console.warconsole.error: services.settings: 
  main/doh-providers Signature failed  InvalidSignatureError: Invalid content signature (main/doh-providers)
console.error: services.settings: 
  main/doh-providers local data was corrupted
console.warn: services.settings: main/doh-providers Signature verified failJavaScript error: , line 0: NS_ERROR_NOT_AVAILABLE
ings: 
  main/doh-providers Signature failed again InvalidSignatureError: Invalid content signature (main/doh-providers)
console.error: services.settings: 
  Message: InvalidSignatureError: Invalid content signature (main/doh-providers)
  Stack:
    InvalidSignatureError@resource://services-settings/RemoteSettingsClient.jsm:135:5
_validateCollectionSignature@resource://services-settings/RemoteSettingsClient.jsm:899:13

console.error: services.settings: 
  main/addons-manager-settings Signature failed  InvalidSignatureError: Invalid content signature (main/addons-manager-settings)
console.error: services.settings: 
  main/addons-manager-settings local data was corrupted
console.warn: services.settings: main/addoconsole.error: services.settings: 
  main/addons-manager-settings Signature failed  InvalidSignatureError: Invalid content signature (main/addons-manager-settings)
console.error: services.settings: 
  main/addons-manager-settings local data was corrupted
console.warn: services.settings: main/addons-JavaScript error: , line 0: NS_ERROR_NOT_AVAILABLE
om scratch
console.error: services.settings: 
  main/addons-manager-settings Signature failed again InvalidSignatureError: Invalid content signature (main/addons-manager-settings)
console.error: services.settings: 
  Message: InvalidSignatureError: Invalid content signature (main/addons-manager-settings)
  Stack:
    InvalidSignatureError@resource://services-settings/RemoteSettingsClient.jsm:135:5
_validateCollectionSignature@resource://services-settings/RemoteSettingsClient.jsm:899:13

console.error: services.settings: 
  main/doh-config Signature failed  InvalidSignatureError: Invalid content signature (main/doh-config)
console.error: services.settings: 
  main/doh-config local data was corrupted
console.warn: services.settings: main/doh-config Signature verified failed. Retry from scratch
console.error: services.settings: 
  main/doh-config Signature failed again InvalidSignatureError: Invalid content signature (main/doh-config)
consJavaScript error: , line 0: NS_ERROR_NOT_AVAILABLE
gnatureError: Invalid content signature (main/doh-config)
  Stack:
    InvalidSignatureError@resource://services-settings/RemoteSettingsClient.jsm:135:5
_validateCollectionSignature@resource://services-settings/RemoteSettingsClient.jsm:899:13

console.error: services.settings: 
  main/pioneer-study-addons-v1 Signature failed  InvalidSignatureError: Invalid content signature (main/pioneer-study-addons-v1)
console.error: services.settings: 
  main/pioneer-study-addons-v1 local data was corrupted
console.warn: services.settings: main/pioneer-study-addons-v1 Signature verified failed. Retry from scratch
console.error: services.settings: 
  main/pioneer-study-addons-v1 Signature failed again InvalidSignatureError: Invalid content signature (main/pioneer-study-addons-v1)
console.error: services.settings: 
  Message: InvalidSignatureError: Invalid content signature (main/pioneer-study-addons-v1)
  Stack:
    InvalidSignatureError@resource://services-settings/RemoteSettingsClient.jsm:135:5
_validateCollectionSignature@resource://services-settings/RemoteSettingsClient.jsm:899:13

JavaScript error: , line 0: NS_ERROR_NOT_AVAILABLE
